<?xml version="1.0" encoding="UTF-8"?>
<testng-results skipped="0" failed="0" ignored="0" total="1" passed="1">
  <reporter-output>
  </reporter-output>
  <suite name="DATE TEST" duration-ms="17557" started-at="2018-11-01T19:01:33Z" finished-at="2018-11-01T19:01:51Z">
    <groups>
    </groups>
    <test name="DATE TEST" duration-ms="17557" started-at="2018-11-01T19:01:33Z" finished-at="2018-11-01T19:01:51Z">
      <class name="statusCheck.checkScript">
        <test-method status="PASS" signature="checkDate()[pri:0, instance:statusCheck.checkScript@2173f6d9]" name="checkDate" duration-ms="17501" started-at="2018-11-01T19:01:33Z" finished-at="2018-11-01T19:01:51Z">
          <reporter-output>
          </reporter-output>
        </test-method> <!-- checkDate -->
      </class> <!-- statusCheck.checkScript -->
    </test> <!-- DATE TEST -->
  </suite> <!-- DATE TEST -->
</testng-results>
